O:9:"MagpieRSS":23:{s:6:"parser";i:0;s:12:"current_item";a:0:{}s:5:"items";a:10:{i:0;a:8:{s:5:"title";s:53:"Why Pitching Your Product Is Not Enough For Investors";s:4:"link";s:98:"https://blog.startupprofessionals.com/2018/07/why-pitching-your-product-is-not-enough.html#new_tab";s:7:"pubdate";s:31:"Mon, 30 Jul 2018 13:42:02 +0000";s:8:"category";s:36:"In the NewsInvestorsPitchingStartups";s:4:"guid";s:40:"https://entrepreneurship.msu.edu/?p=3868";s:11:"description";s:674:"<p>(Martin Zwilling, startupprofessionals.com, July 27, 2018) Creating a great investor pitch is probably more difficult for technical entrepreneurs than creating a great product pitch. But it?s critical to have one. Just as a great business can?t exist without a product, a great product won?t survive without a business to sell it. It?s up to you [&#8230;]</p>
<p>The post <a rel="nofollow" href="https://blog.startupprofessionals.com/2018/07/why-pitching-your-product-is-not-enough.html#new_tab">Why Pitching Your Product Is Not Enough For Investors</a> appeared first on <a rel="nofollow" href="https://entrepreneurship.msu.edu">Entrepreneurship and Innovation</a>.</p>
";s:7:"summary";s:674:"<p>(Martin Zwilling, startupprofessionals.com, July 27, 2018) Creating a great investor pitch is probably more difficult for technical entrepreneurs than creating a great product pitch. But it?s critical to have one. Just as a great business can?t exist without a product, a great product won?t survive without a business to sell it. It?s up to you [&#8230;]</p>
<p>The post <a rel="nofollow" href="https://blog.startupprofessionals.com/2018/07/why-pitching-your-product-is-not-enough.html#new_tab">Why Pitching Your Product Is Not Enough For Investors</a> appeared first on <a rel="nofollow" href="https://entrepreneurship.msu.edu">Entrepreneurship and Innovation</a>.</p>
";s:14:"date_timestamp";i:1532958122;}i:1;a:8:{s:5:"title";s:46:"Support Students, Shop the Student Marketplace";s:4:"link";s:93:"https://sourcelive.wordpress.com/2017/12/07/support-students-shop-at-the-student-marketplace/";s:7:"pubdate";s:31:"Fri, 08 Dec 2017 03:42:36 +0000";s:8:"category";s:30:"In the NewsStudent Marketplace";s:4:"guid";s:40:"https://entrepreneurship.msu.edu/?p=3247";s:11:"description";s:693:"<p>(MSU HR SourceLIVE, December 7, 2017) This holiday season, give back to the MSU student community by purchasing your gifts from the Student Marketplace! The MSU Entrepreneurship and Innovation Student Marketplace  was developed to showcase businesses run by MSU students who are beginning their journeys as young entrepreneurs. The idea behind the Marketplace was to create an [&#8230;]</p>
<p>The post <a rel="nofollow" href="https://sourcelive.wordpress.com/2017/12/07/support-students-shop-at-the-student-marketplace/">Support Students, Shop the Student Marketplace</a> appeared first on <a rel="nofollow" href="https://entrepreneurship.msu.edu">Entrepreneurship and Innovation</a>.</p>
";s:7:"summary";s:693:"<p>(MSU HR SourceLIVE, December 7, 2017) This holiday season, give back to the MSU student community by purchasing your gifts from the Student Marketplace! The MSU Entrepreneurship and Innovation Student Marketplace  was developed to showcase businesses run by MSU students who are beginning their journeys as young entrepreneurs. The idea behind the Marketplace was to create an [&#8230;]</p>
<p>The post <a rel="nofollow" href="https://sourcelive.wordpress.com/2017/12/07/support-students-shop-at-the-student-marketplace/">Support Students, Shop the Student Marketplace</a> appeared first on <a rel="nofollow" href="https://entrepreneurship.msu.edu">Entrepreneurship and Innovation</a>.</p>
";s:14:"date_timestamp";i:1512704556;}i:2;a:8:{s:5:"title";s:59:"Don?t Build a Business Unless You?re Ready to Give Your All";s:4:"link";s:81:"https://fi.co/insight/don-t-build-a-business-unless-you-re-ready-to-give-your-all";s:7:"pubdate";s:31:"Wed, 06 Dec 2017 19:53:00 +0000";s:8:"category";s:42:"Mind CandyBusinessEntrepreneurshipFounders";s:4:"guid";s:40:"https://entrepreneurship.msu.edu/?p=3368";s:11:"description";s:622:"<p>(Founder Institute, December 6, 2017)  I?ve started 9 businesses and have invested all of my time, all of my network, and most of my money into each and every one of them. Most have done well and others have failed, but I wouldn?t advise an entrepreneur trying to build an impactful company to pursue any [&#8230;]</p>
<p>The post <a rel="nofollow" href="https://fi.co/insight/don-t-build-a-business-unless-you-re-ready-to-give-your-all">Don?t Build a Business Unless You?re Ready to Give Your All</a> appeared first on <a rel="nofollow" href="https://entrepreneurship.msu.edu">Entrepreneurship and Innovation</a>.</p>
";s:7:"summary";s:622:"<p>(Founder Institute, December 6, 2017)  I?ve started 9 businesses and have invested all of my time, all of my network, and most of my money into each and every one of them. Most have done well and others have failed, but I wouldn?t advise an entrepreneur trying to build an impactful company to pursue any [&#8230;]</p>
<p>The post <a rel="nofollow" href="https://fi.co/insight/don-t-build-a-business-unless-you-re-ready-to-give-your-all">Don?t Build a Business Unless You?re Ready to Give Your All</a> appeared first on <a rel="nofollow" href="https://entrepreneurship.msu.edu">Entrepreneurship and Innovation</a>.</p>
";s:14:"date_timestamp";i:1512589980;}i:3;a:8:{s:5:"title";s:37:"Innovation is a Spartan State of Mind";s:4:"link";s:83:"http://msutoday.msu.edu/feature/2017/innovation-is-a-spartan-state-of-mind/#new_tab";s:7:"pubdate";s:31:"Mon, 27 Nov 2017 17:36:23 +0000";s:8:"category";s:35:"In the NewsInnovationMindsetSpartan";s:4:"guid";s:40:"https://entrepreneurship.msu.edu/?p=3188";s:11:"description";s:663:"<p>(MSU Today, November 27, 2017) For Michigan State University Spartans, entrepreneurship is more than a skill or discipline?it?s a mindset. It?s a way of thinking and working that opens doors, creates connections and accelerates innovation across disciplines. Spartan innovators imagine a better world, then work to make it a reality. MSU supports them by connecting [&#8230;]</p>
<p>The post <a rel="nofollow" href="http://msutoday.msu.edu/feature/2017/innovation-is-a-spartan-state-of-mind/#new_tab">Innovation is a Spartan State of Mind</a> appeared first on <a rel="nofollow" href="https://entrepreneurship.msu.edu">Entrepreneurship and Innovation</a>.</p>
";s:7:"summary";s:663:"<p>(MSU Today, November 27, 2017) For Michigan State University Spartans, entrepreneurship is more than a skill or discipline?it?s a mindset. It?s a way of thinking and working that opens doors, creates connections and accelerates innovation across disciplines. Spartan innovators imagine a better world, then work to make it a reality. MSU supports them by connecting [&#8230;]</p>
<p>The post <a rel="nofollow" href="http://msutoday.msu.edu/feature/2017/innovation-is-a-spartan-state-of-mind/#new_tab">Innovation is a Spartan State of Mind</a> appeared first on <a rel="nofollow" href="https://entrepreneurship.msu.edu">Entrepreneurship and Innovation</a>.</p>
";s:14:"date_timestamp";i:1511804183;}i:4;a:8:{s:5:"title";s:32:"Jesse Yaker: Interning in Israel";s:4:"link";s:73:"http://msutoday.msu.edu/360/2017/jesse-yaker-interning-in-israel/#new_tab";s:7:"pubdate";s:31:"Wed, 13 Sep 2017 16:31:48 +0000";s:8:"category";s:39:"In the NewsEntrepreneurshipInternIsrael";s:4:"guid";s:40:"https://entrepreneurship.msu.edu/?p=3186";s:11:"description";s:486:"<p>(Jesse Yaker, 360 Perspective, September 13, 2017) Jesse Yaker is a senior majoring in political science in the College of Social Science who spent the summer in Israel on an internship. Read more about his story.</p>
<p>The post <a rel="nofollow" href="http://msutoday.msu.edu/360/2017/jesse-yaker-interning-in-israel/#new_tab">Jesse Yaker: Interning in Israel</a> appeared first on <a rel="nofollow" href="https://entrepreneurship.msu.edu">Entrepreneurship and Innovation</a>.</p>
";s:7:"summary";s:486:"<p>(Jesse Yaker, 360 Perspective, September 13, 2017) Jesse Yaker is a senior majoring in political science in the College of Social Science who spent the summer in Israel on an internship. Read more about his story.</p>
<p>The post <a rel="nofollow" href="http://msutoday.msu.edu/360/2017/jesse-yaker-interning-in-israel/#new_tab">Jesse Yaker: Interning in Israel</a> appeared first on <a rel="nofollow" href="https://entrepreneurship.msu.edu">Entrepreneurship and Innovation</a>.</p>
";s:14:"date_timestamp";i:1505320308;}i:5;a:8:{s:5:"title";s:66:"14 SPARTANS TO ATTEND CLINTON GLOBAL INITIATIVE UNIVERSITY MEETING";s:4:"link";s:101:"http://msutoday.msu.edu/news/2017/14-spartans-to-attend-clinton-global-initiative-university-meeting/";s:7:"pubdate";s:31:"Fri, 18 Aug 2017 16:42:57 +0000";s:8:"category";s:61:"In the NewsCGI UClinton Global InitiativeMSUSocial Innovation";s:4:"guid";s:40:"https://entrepreneurship.msu.edu/?p=2842";s:11:"description";s:732:"<p>(Caleb Hoover, MSU Today, August 10, 2017) Ten teams, consisting of 14 Spartans, have been selected to attend this year?s Clinton Global Initiative University annual meeting at Northeastern University in Boston. Michigan State University undergraduate and graduate students have commitments in the areas of peace and human rights, environment and climate change, education and poverty alleviation.</p>
<p>The post <a rel="nofollow" href="http://msutoday.msu.edu/news/2017/14-spartans-to-attend-clinton-global-initiative-university-meeting/">14 SPARTANS TO ATTEND CLINTON GLOBAL INITIATIVE UNIVERSITY MEETING</a> appeared first on <a rel="nofollow" href="https://entrepreneurship.msu.edu">Entrepreneurship and Innovation</a>.</p>
";s:7:"summary";s:732:"<p>(Caleb Hoover, MSU Today, August 10, 2017) Ten teams, consisting of 14 Spartans, have been selected to attend this year?s Clinton Global Initiative University annual meeting at Northeastern University in Boston. Michigan State University undergraduate and graduate students have commitments in the areas of peace and human rights, environment and climate change, education and poverty alleviation.</p>
<p>The post <a rel="nofollow" href="http://msutoday.msu.edu/news/2017/14-spartans-to-attend-clinton-global-initiative-university-meeting/">14 SPARTANS TO ATTEND CLINTON GLOBAL INITIATIVE UNIVERSITY MEETING</a> appeared first on <a rel="nofollow" href="https://entrepreneurship.msu.edu">Entrepreneurship and Innovation</a>.</p>
";s:14:"date_timestamp";i:1503074577;}i:6;a:8:{s:5:"title";s:141:"Determining the ?What, Why and How? of the Entrepreneurial Mindset: A Conversation with VentureWell?s Phil Weilerstein and Thema Monroe-White";s:4:"link";s:60:"https://venturewell.org/determining-entrepreneurial-mindset/";s:7:"pubdate";s:31:"Mon, 08 May 2017 13:50:51 +0000";s:8:"category";s:65:"Mind Candyentrepreneurial mindsetEntrepreneurshipHigher Education";s:4:"guid";s:40:"https://entrepreneurship.msu.edu/?p=2476";s:11:"description";s:750:"<p>(venturewell.com, March 21, 2017) The concept of the Entrepreneurial Mindset (EM) is gaining traction within higher education. There is a growing community focused on developing courses, trainings, workshops, degree programs, and minors that foster EM as well as research around the the best way to define, measure, and assess its impact. There?s a growing consensus that [&#8230;]</p>
<p>The post <a rel="nofollow" href="https://venturewell.org/determining-entrepreneurial-mindset/">Determining the ?What, Why and How? of the Entrepreneurial Mindset: A Conversation with VentureWell?s Phil Weilerstein and Thema Monroe-White</a> appeared first on <a rel="nofollow" href="https://entrepreneurship.msu.edu">Entrepreneurship and Innovation</a>.</p>
";s:7:"summary";s:750:"<p>(venturewell.com, March 21, 2017) The concept of the Entrepreneurial Mindset (EM) is gaining traction within higher education. There is a growing community focused on developing courses, trainings, workshops, degree programs, and minors that foster EM as well as research around the the best way to define, measure, and assess its impact. There?s a growing consensus that [&#8230;]</p>
<p>The post <a rel="nofollow" href="https://venturewell.org/determining-entrepreneurial-mindset/">Determining the ?What, Why and How? of the Entrepreneurial Mindset: A Conversation with VentureWell?s Phil Weilerstein and Thema Monroe-White</a> appeared first on <a rel="nofollow" href="https://entrepreneurship.msu.edu">Entrepreneurship and Innovation</a>.</p>
";s:14:"date_timestamp";i:1494251451;}i:7;a:8:{s:5:"title";s:69:"First MSU Affiliated Student-Run Business Focuses on Land Grant Roots";s:4:"link";s:53:"http://statenews.com/article/2017/04/land-grant-goods";s:7:"pubdate";s:31:"Thu, 27 Apr 2017 17:11:17 +0000";s:8:"category";s:86:"In the NewsEntrepreneurshipHoneyLand Grant GoodsLand Grant UniversityTeaThe State News";s:4:"guid";s:40:"https://entrepreneurship.msu.edu/?p=2425";s:11:"description";s:657:"<p>(Jonathan LeBlanc, The State News, April 27, 2017) Land  Grant Goods which was founded by environmental studies and sustainability sophomore Alex Marx and education senior Bethany Kogut, sells honey and herbal teas with the hope of producing jam and cosmetics. Residential Initiative on the Study of the Environment, or RISE, director Laurie Thorpe said the [&#8230;]</p>
<p>The post <a rel="nofollow" href="http://statenews.com/article/2017/04/land-grant-goods">First MSU Affiliated Student-Run Business Focuses on Land Grant Roots</a> appeared first on <a rel="nofollow" href="https://entrepreneurship.msu.edu">Entrepreneurship and Innovation</a>.</p>
";s:7:"summary";s:657:"<p>(Jonathan LeBlanc, The State News, April 27, 2017) Land  Grant Goods which was founded by environmental studies and sustainability sophomore Alex Marx and education senior Bethany Kogut, sells honey and herbal teas with the hope of producing jam and cosmetics. Residential Initiative on the Study of the Environment, or RISE, director Laurie Thorpe said the [&#8230;]</p>
<p>The post <a rel="nofollow" href="http://statenews.com/article/2017/04/land-grant-goods">First MSU Affiliated Student-Run Business Focuses on Land Grant Roots</a> appeared first on <a rel="nofollow" href="https://entrepreneurship.msu.edu">Entrepreneurship and Innovation</a>.</p>
";s:14:"date_timestamp";i:1493313077;}i:8;a:8:{s:5:"title";s:20:"Beyond the Classroom";s:4:"link";s:64:"http://www.michiganbusinessnetwork.com/blog/beyond-the-classroom";s:7:"pubdate";s:31:"Thu, 27 Apr 2017 14:48:45 +0000";s:8:"category";s:59:"In the NewsEntrepreneurshipMichigan State UniversityPodcast";s:4:"guid";s:40:"https://entrepreneurship.msu.edu/?p=2458";s:11:"description";s:496:"<p>(Michael S. Melfi, michiganbusinessnetwork.com, April 26, 2017) Why would an experienced entrepreneur, business executive and Forbes contributor decide to join academia? Perhaps to create an environment beyond the classroom learning experience.</p>
<p>The post <a rel="nofollow" href="http://www.michiganbusinessnetwork.com/blog/beyond-the-classroom">Beyond the Classroom</a> appeared first on <a rel="nofollow" href="https://entrepreneurship.msu.edu">Entrepreneurship and Innovation</a>.</p>
";s:7:"summary";s:496:"<p>(Michael S. Melfi, michiganbusinessnetwork.com, April 26, 2017) Why would an experienced entrepreneur, business executive and Forbes contributor decide to join academia? Perhaps to create an environment beyond the classroom learning experience.</p>
<p>The post <a rel="nofollow" href="http://www.michiganbusinessnetwork.com/blog/beyond-the-classroom">Beyond the Classroom</a> appeared first on <a rel="nofollow" href="https://entrepreneurship.msu.edu">Entrepreneurship and Innovation</a>.</p>
";s:14:"date_timestamp";i:1493304525;}i:9;a:8:{s:5:"title";s:46:"Getting Your Head in the Game for Fund Raising";s:4:"link";s:91:"https://bothsidesofthetable.com/getting-your-head-in-the-game-for-fund-raising-9201fce017c8";s:7:"pubdate";s:31:"Mon, 24 Apr 2017 17:13:26 +0000";s:8:"category";s:10:"Mind Candy";s:4:"guid";s:40:"https://entrepreneurship.msu.edu/?p=2427";s:11:"description";s:621:"<p>(Mark Suster, bothsidesofthetable.com, April 23, 2017) When you run a startup you?re always on borrowed time. You have cash in the bank, a monthly burn rate and a ?cash out? date that few in the company truly comprehend. I?ve never met a founder who wasn?t acutely aware of his or her ticking time bomb and [&#8230;]</p>
<p>The post <a rel="nofollow" href="https://bothsidesofthetable.com/getting-your-head-in-the-game-for-fund-raising-9201fce017c8">Getting Your Head in the Game for Fund Raising</a> appeared first on <a rel="nofollow" href="https://entrepreneurship.msu.edu">Entrepreneurship and Innovation</a>.</p>
";s:7:"summary";s:621:"<p>(Mark Suster, bothsidesofthetable.com, April 23, 2017) When you run a startup you?re always on borrowed time. You have cash in the bank, a monthly burn rate and a ?cash out? date that few in the company truly comprehend. I?ve never met a founder who wasn?t acutely aware of his or her ticking time bomb and [&#8230;]</p>
<p>The post <a rel="nofollow" href="https://bothsidesofthetable.com/getting-your-head-in-the-game-for-fund-raising-9201fce017c8">Getting Your Head in the Game for Fund Raising</a> appeared first on <a rel="nofollow" href="https://entrepreneurship.msu.edu">Entrepreneurship and Innovation</a>.</p>
";s:14:"date_timestamp";i:1493054006;}}s:7:"channel";a:6:{s:5:"title";s:31:"Entrepreneurship and Innovation";s:4:"link";s:32:"https://entrepreneurship.msu.edu";s:13:"lastbuilddate";s:31:"Thu, 23 Aug 2018 21:42:28 +0000";s:8:"language";s:5:"en-US";s:9:"generator";s:30:"https://wordpress.org/?v=4.9.8";s:7:"tagline";N;}s:9:"textinput";a:0:{}s:5:"image";a:0:{}s:9:"feed_type";s:3:"RSS";s:12:"feed_version";s:3:"2.0";s:8:"encoding";s:10:"ISO-8859-1";s:16:"_source_encoding";s:0:"";s:5:"ERROR";s:0:"";s:7:"WARNING";s:0:"";s:19:"_CONTENT_CONSTRUCTS";a:6:{i:0;s:7:"content";i:1;s:7:"summary";i:2;s:4:"info";i:3;s:5:"title";i:4;s:7:"tagline";i:5;s:9:"copyright";}s:16:"_KNOWN_ENCODINGS";a:3:{i:0;s:5:"UTF-8";i:1;s:8:"US-ASCII";i:2;s:10:"ISO-8859-1";}s:5:"stack";a:0:{}s:9:"inchannel";b:0;s:6:"initem";b:0;s:9:"incontent";b:0;s:11:"intextinput";b:0;s:7:"inimage";b:0;s:17:"current_namespace";b:0;s:13:"last_modified";s:31:"Thu, 23 Aug 2018 21:42:28 GMT
";s:4:"etag";s:36:""dc94907eee9b7975027f535f2700d834"
";}